 Total Nb of available Diagnostics: ndiagt=   351
------------------------------------------------------------------------------------
  Num  |<-Name->|Levs|  mate |<- code ->|<--  Units   -->|<- Tile (max=80c)         
------------------------------------------------------------------------------------
     1 |SDIAG1  |  1 |       |SM      L1|user-defined    |User-Defined   Surface   Diagnostic  #1
     2 |SDIAG2  |  1 |       |SM      L1|user-defined    |User-Defined   Surface   Diagnostic  #2
     3 |SDIAG3  |  1 |       |SM      L1|user-defined    |User-Defined   Surface   Diagnostic  #3
     4 |SDIAG4  |  1 |       |SM      L1|user-defined    |User-Defined   Surface   Diagnostic  #4
     5 |SDIAG5  |  1 |       |SM      L1|user-defined    |User-Defined   Surface   Diagnostic  #5
     6 |SDIAG6  |  1 |       |SM      L1|user-defined    |User-Defined   Surface   Diagnostic  #6
     7 |SDIAG7  |  1 |       |SU      L1|user-defined    |User-Defined U.pt Surface Diagnostic #7
     8 |SDIAG8  |  1 |       |SV      L1|user-defined    |User-Defined V.pt Surface Diagnostic #8
     9 |SDIAG9  |  1 |    10 |UU      L1|user-defined    |User-Defined U.vector Surface Diag.  #9
    10 |SDIAG10 |  1 |     9 |VV      L1|user-defined    |User-Defined V.vector Surface Diag. #10
    11 |UDIAG1  | 23 |       |SM      MR|user-defined    |User-Defined Model-Level Diagnostic  #1
    12 |UDIAG2  | 23 |       |SM      MR|user-defined    |User-Defined Model-Level Diagnostic  #2
    13 |UDIAG3  | 23 |       |SMR     MR|user-defined    |User-Defined Model-Level Diagnostic  #3
    14 |UDIAG4  | 23 |       |SMR     MR|user-defined    |User-Defined Model-Level Diagnostic  #4
    15 |UDIAG5  | 23 |       |SU      MR|user-defined    |User-Defined U.pt Model-Level Diag.  #5
    16 |UDIAG6  | 23 |       |SV      MR|user-defined    |User-Defined V.pt Model-Level Diag.  #6
    17 |UDIAG7  | 23 |    18 |UUR     MR|user-defined    |User-Defined U.vector Model-Lev Diag.#7
    18 |UDIAG8  | 23 |    17 |VVR     MR|user-defined    |User-Defined V.vector Model-Lev Diag.#8
    19 |UDIAG9  | 23 |       |SM      ML|user-defined    |User-Defined Phys-Level  Diagnostic  #9
    20 |UDIAG10 | 23 |       |SM      ML|user-defined    |User-Defined Phys-Level  Diagnostic #10
    21 |SDIAGC  |  1 |    22 |SM  C   L1|user-defined    |User-Defined Counted Surface Diagnostic
    22 |SDIAGCC |  1 |       |SM      L1|count           |User-Defined Surface Diagnostic Counter
    23 |ETAN    |  1 |       |SM      M1|m               |Surface Height Anomaly
    24 |ETANSQ  |  1 |       |SM P    M1|m^2             |Square of Surface Height Anomaly
    25 |DETADT2 |  1 |       |SM      M1|m^2/s^2         |Square of Surface Height Anomaly Tendency
    26 |THETA   | 23 |       |SMR     MR|degC            |Potential Temperature
    27 |SALT    | 23 |       |SMR     MR|g/kg            |Salinity
    28 |RELHUM  | 23 |       |SMR     MR|percent         |Relative Humidity
    29 |SALTanom| 23 |       |SMR     MR|g/kg            |Salt anomaly (=SALT-35; g/kg)
    30 |UVEL    | 23 |    31 |UUR     MR|m/s             |Zonal Component of Velocity (m/s)
    31 |VVEL    | 23 |    30 |VVR     MR|m/s             |Meridional Component of Velocity (m/s)
    32 |WVEL    | 23 |       |WM      LR|m/s             |Vertical Component of Velocity (r_units/s)
    33 |THETASQ | 23 |       |SMRP    MR|degC^2          |Square of Potential Temperature
    34 |SALTSQ  | 23 |       |SMRP    MR|(g/kg)^2        |Square of Salinity
    35 |SALTSQan| 23 |       |SMRP    MR|(g/kg)^2        |Square of Salt anomaly (=(SALT-35)^2 (g^2/kg^2)
    36 |UVELSQ  | 23 |    37 |UURP    MR|m^2/s^2         |Square of Zonal Comp of Velocity (m^2/s^2)
    37 |VVELSQ  | 23 |    36 |VVRP    MR|m^2/s^2         |Square of Meridional Comp of Velocity (m^2/s^2)
    38 |WVELSQ  | 23 |       |WM P    LR|m^2/s^2         |Square of Vertical Comp of Velocity
    39 |UE_VEL_C| 23 |    40 |UMR     MR|m/s             |Eastward Velocity (m/s) (cell center)
    40 |VN_VEL_C| 23 |    39 |VMR     MR|m/s             |Northward Velocity (m/s) (cell center)
    41 |UV_VEL_C| 23 |    41 |UMR     MR|m^2/s^2         |Product of horizontal Comp of velocity (cell center)
    42 |UV_VEL_Z| 23 |    42 |UZR     MR|m^2/s^2         |Meridional Transport of Zonal Momentum (m^2/s^2)
    43 |WU_VEL  | 23 |       |WU      LR|m.m/s^2         |Vertical Transport of Zonal Momentum
    44 |WV_VEL  | 23 |       |WV      LR|m.m/s^2         |Vertical Transport of Meridional Momentum
    45 |UVELMASS| 23 |    46 |UUr     MR|m/s             |Zonal Mass-Weighted Comp of Velocity (m/s)
    46 |VVELMASS| 23 |    45 |VVr     MR|m/s             |Meridional Mass-Weighted Comp of Velocity (m/s)
    47 |WVELMASS| 23 |       |WM      LR|m/s             |Vertical Mass-Weighted Comp of Velocity
    48 |PhiVEL  | 23 |    45 |SMR P   MR|m^2/s           |Horizontal Velocity Potential (m^2/s)
    49 |PsiVEL  | 23 |    48 |SZ  P   MR|m.m^2/s         |Horizontal Velocity Stream-Function
    50 |UTHMASS | 23 |    51 |UUr     MR|degC.m/s        |Zonal Mass-Weight Transp of Pot Temp
    51 |VTHMASS | 23 |    50 |VVr     MR|degC.m/s        |Meridional Mass-Weight Transp of Pot Temp
    52 |WTHMASS | 23 |       |WM      LR|degC.m/s        |Vertical Mass-Weight Transp of Pot Temp (K.m/s)
    53 |USLTMASS| 23 |    54 |UUr     MR|g/kg.m/s        |Zonal Mass-Weight Transp of Salinity
    54 |VSLTMASS| 23 |    53 |VVr     MR|g/kg.m/s        |Meridional Mass-Weight Transp of Salinity
    55 |WSLTMASS| 23 |       |WM      LR|g/kg.m/s        |Vertical Mass-Weight Transp of Salinity
    56 |UVELTH  | 23 |    57 |UUR     MR|degC.m/s        |Zonal Transport of Pot Temp
    57 |VVELTH  | 23 |    56 |VVR     MR|degC.m/s        |Meridional Transport of Pot Temp
    58 |WVELTH  | 23 |       |WM      LR|degC.m/s        |Vertical Transport of Pot Temp
    59 |UVELSLT | 23 |    60 |UUR     MR|g/kg.m/s        |Zonal Transport of Salinity
    60 |VVELSLT | 23 |    59 |VVR     MR|g/kg.m/s        |Meridional Transport of Salinity
    61 |WVELSLT | 23 |       |WM      LR|g/kg.m/s        |Vertical Transport of Salinity
    62 |UVELPHI | 23 |    63 |UUr     MR|m^3/s^3         |Zonal Mass-Weight Transp of Pressure Pot.(p/rho) Anomaly
    63 |VVELPHI | 23 |    62 |VVr     MR|m^3/s^3         |Merid. Mass-Weight Transp of Pressure Pot.(p/rho) Anomaly
    64 |RHOAnoma| 23 |       |SMR     MR|kg/m^3          |Density Anomaly (=Rho-rhoConst)
    65 |RHOANOSQ| 23 |       |SMRP    MR|kg^2/m^6        |Square of Density Anomaly (=(Rho-rhoConst)^2)
    66 |URHOMASS| 23 |    67 |UUr     MR|kg/m^2/s        |Zonal Transport of Density
    67 |VRHOMASS| 23 |    66 |VVr     MR|kg/m^2/s        |Meridional Transport of Density
    68 |WRHOMASS| 23 |       |WM      LR|kg/m^2/s        |Vertical Transport of Density
    69 |WdRHO_P | 23 |       |WM      LR|kg/m^2/s        |Vertical velocity times delta^k(Rho)_at-const-P
    70 |WdRHOdP | 23 |       |WM      LR|kg/m^2/s        |Vertical velocity times delta^k(Rho)_at-const-T,S
    71 |PHIHYD  | 23 |       |SMR     MR|m^2/s^2         |Hydrostatic Pressure Pot.(p/rho) Anomaly
    72 |PHIHYDSQ| 23 |       |SMRP    MR|m^4/s^4         |Square of Hyd. Pressure Pot.(p/rho) Anomaly
    73 |PHIBOT  |  1 |       |SM      M1|m^2/s^2         |Bottom Pressure Pot.(p/rho) Anomaly
    74 |PHIBOTSQ|  1 |       |SM P    M1|m^4/s^4         |Square of Bottom Pressure Pot.(p/rho) Anomaly
    75 |PHI_SURF|  1 |       |SM      M1|m^2/s^2         |Surface Dynamical Pressure Pot.(p/rho)
    76 |MXLDEPTH|  1 |       |SM      M1|m               |Mixed-Layer Depth (>0)
    77 |DRHODR  | 23 |       |SM      LR|kg/m^4          |Stratification: d.Sigma/dr (kg/m3/r_unit)
    78 |CONVADJ | 23 |       |SMR     LR|fraction        |Convective Adjustment Index [0-1]
    79 |oceTAUX |  1 |    80 |UU      U1|N/m^2           |zonal surface wind stress, >0 increases uVel
    80 |oceTAUY |  1 |    79 |VV      U1|N/m^2           |meridional surf. wind stress, >0 increases vVel
    81 |atmPload|  1 |       |SM      U1|Pa              |Atmospheric pressure loading anomaly (vs surf_pRef)
    82 |sIceLoad|  1 |       |SM      U1|kg/m^2          |sea-ice loading (in Mass of ice+snow / area unit)
    83 |oceFWflx|  1 |       |SM      U1|kg/m^2/s        |net surface Fresh-Water flux into the ocean (+=down), >0 decreases salinity
    84 |oceSflux|  1 |       |SM      U1|g/m^2/s         |net surface Salt flux into the ocean (+=down), >0 increases salinity
    85 |oceQnet |  1 |       |SM      U1|W/m^2           |net surface heat flux into the ocean (+=down), >0 increases theta
    86 |oceQsw  |  1 |       |SM      U1|W/m^2           |net Short-Wave radiation (+=down), >0 increases theta
    87 |oceFreez|  1 |       |SM      U1|W/m^2           |heating from freezing of sea-water (allowFreezing=T)
    88 |TRELAX  |  1 |       |SM      U1|W/m^2           |surface temperature relaxation, >0 increases theta
    89 |SRELAX  |  1 |       |SM      U1|g/m^2/s         |surface salinity relaxation, >0 increases salt
    90 |surForcT|  1 |       |SM      U1|W/m^2           |model surface forcing for Temperature, >0 increases theta
    91 |surForcS|  1 |       |SM      U1|g/m^2/s         |model surface forcing for Salinity, >0 increases salinity
    92 |TFLUX   |  1 |       |SM      U1|W/m^2           |total heat flux (match heat-content variations), >0 increases theta
    93 |SFLUX   |  1 |       |SM      U1|g/m^2/s         |total salt flux (match salt-content variations), >0 increases salt
    94 |RCENTER | 23 |       |SM      MR|m               |Cell-Center Height
    95 |RSURF   |  1 |       |SM      M1|m               |Surface Height
    96 |TOTUTEND| 23 |    97 |UUR     MR|m/s/day         |Tendency of Zonal Component of Velocity
    97 |TOTVTEND| 23 |    96 |VVR     MR|m/s/day         |Tendency of Meridional Component of Velocity
    98 |TOTTTEND| 23 |       |SMR     MR|degC/day        |Tendency of Potential Temperature
    99 |TOTSTEND| 23 |       |SMR     MR|g/kg/day        |Tendency of Salinity
------------------------------------------------------------------------------------
  Num  |<-Name->|Levs|  mate |<- code ->|<--  Units   -->|<- Tile (max=80c)         
------------------------------------------------------------------------------------
   100 |MoistCor| 23 |       |SM      MR|W/m^2           |Heating correction due to moist thermodynamics
   101 |gT_Forc | 23 |       |SMR     MR|degC/s          |Potential Temp. forcing tendency
   102 |gS_Forc | 23 |       |SMR     MR|g/kg/s          |Salinity forcing tendency
   103 |AB_gT   | 23 |       |SMR     MR|degC/s          |Potential Temp. tendency from Adams-Bashforth
   104 |AB_gS   | 23 |       |SMR     MR|g/kg/s          |Salinity tendency from Adams-Bashforth
   105 |gTinAB  | 23 |       |SMR     MR|degC/s          |Potential Temp. tendency going in Adams-Bashforth
   106 |gSinAB  | 23 |       |SMR     MR|g/kg/s          |Salinity tendency going in Adams-Bashforth
   107 |AB_gU   | 23 |   108 |UUR     MR|m/s^2           |U momentum tendency from Adams-Bashforth
   108 |AB_gV   | 23 |   107 |VVR     MR|m/s^2           |V momentum tendency from Adams-Bashforth
   109 |ADVr_TH | 23 |       |WM      LR|degC.m^3/s      |Vertical   Advective Flux of Pot.Temperature
   110 |ADVx_TH | 23 |   111 |UU      MR|degC.m^3/s      |Zonal      Advective Flux of Pot.Temperature
   111 |ADVy_TH | 23 |   110 |VV      MR|degC.m^3/s      |Meridional Advective Flux of Pot.Temperature
   112 |DFrE_TH | 23 |       |WM      LR|degC.m^3/s      |Vertical Diffusive Flux of Pot.Temperature (Explicit part)
   113 |DFxE_TH | 23 |   114 |UU      MR|degC.m^3/s      |Zonal      Diffusive Flux of Pot.Temperature
   114 |DFyE_TH | 23 |   113 |VV      MR|degC.m^3/s      |Meridional Diffusive Flux of Pot.Temperature
   115 |DFrI_TH | 23 |       |WM      LR|degC.m^3/s      |Vertical Diffusive Flux of Pot.Temperature (Implicit part)
   116 |ADVr_SLT| 23 |       |WM      LR|g/kg.m^3/s      |Vertical   Advective Flux of Salinity
   117 |ADVx_SLT| 23 |   118 |UU      MR|g/kg.m^3/s      |Zonal      Advective Flux of Salinity
   118 |ADVy_SLT| 23 |   117 |VV      MR|g/kg.m^3/s      |Meridional Advective Flux of Salinity
   119 |DFrE_SLT| 23 |       |WM      LR|g/kg.m^3/s      |Vertical Diffusive Flux of Salinity    (Explicit part)
   120 |DFxE_SLT| 23 |   121 |UU      MR|g/kg.m^3/s      |Zonal      Diffusive Flux of Salinity
   121 |DFyE_SLT| 23 |   120 |VV      MR|g/kg.m^3/s      |Meridional Diffusive Flux of Salinity
   122 |DFrI_SLT| 23 |       |WM      LR|g/kg.m^3/s      |Vertical Diffusive Flux of Salinity    (Implicit part)
   123 |SALTFILL| 23 |       |SM      MR|g/kg.m^3/s      |Filling of Negative Values of Salinity
   124 |VISCAHZ | 23 |       |SZ      MR|m^2/s           |Harmonic Visc Coefficient (m2/s) (Zeta Pt)
   125 |VISCA4Z | 23 |       |SZ      MR|m^4/s           |Biharmonic Visc Coefficient (m4/s) (Zeta Pt)
   126 |VISCAHD | 23 |       |SM      MR|m^2/s           |Harmonic Viscosity Coefficient (m2/s) (Div Pt)
   127 |VISCA4D | 23 |       |SM      MR|m^4/s           |Biharmonic Viscosity Coefficient (m4/s) (Div Pt)
   128 |VISCAHW | 23 |       |WM      LR|m^2/s           |Harmonic Viscosity Coefficient (m2/s) (W Pt)
   129 |VISCA4W | 23 |       |WM      LR|m^4/s           |Biharmonic Viscosity Coefficient (m4/s) (W Pt)
   130 |VAHZMAX | 23 |       |SZ      MR|m^2/s           |CFL-MAX Harm Visc Coefficient (m2/s) (Zeta Pt)
   131 |VA4ZMAX | 23 |       |SZ      MR|m^4/s           |CFL-MAX Biharm Visc Coefficient (m4/s) (Zeta Pt)
   132 |VAHDMAX | 23 |       |SM      MR|m^2/s           |CFL-MAX Harm Visc Coefficient (m2/s) (Div Pt)
   133 |VA4DMAX | 23 |       |SM      MR|m^4/s           |CFL-MAX Biharm Visc Coefficient (m4/s) (Div Pt)
   134 |VAHZMIN | 23 |       |SZ      MR|m^2/s           |RE-MIN Harm Visc Coefficient (m2/s) (Zeta Pt)
   135 |VA4ZMIN | 23 |       |SZ      MR|m^4/s           |RE-MIN Biharm Visc Coefficient (m4/s) (Zeta Pt)
   136 |VAHDMIN | 23 |       |SM      MR|m^2/s           |RE-MIN Harm Visc Coefficient (m2/s) (Div Pt)
   137 |VA4DMIN | 23 |       |SM      MR|m^4/s           |RE-MIN Biharm Visc Coefficient (m4/s) (Div Pt)
   138 |VAHZLTH | 23 |       |SZ      MR|m^2/s           |Leith Harm Visc Coefficient (m2/s) (Zeta Pt)
   139 |VA4ZLTH | 23 |       |SZ      MR|m^4/s           |Leith Biharm Visc Coefficient (m4/s) (Zeta Pt)
   140 |VAHDLTH | 23 |       |SM      MR|m^2/s           |Leith Harm Visc Coefficient (m2/s) (Div Pt)
   141 |VA4DLTH | 23 |       |SM      MR|m^4/s           |Leith Biharm Visc Coefficient (m4/s) (Div Pt)
   142 |VAHZLTHD| 23 |       |SZ      MR|m^2/s           |LeithD Harm Visc Coefficient (m2/s) (Zeta Pt)
   143 |VA4ZLTHD| 23 |       |SZ      MR|m^4/s           |LeithD Biharm Visc Coefficient (m4/s) (Zeta Pt)
   144 |VAHDLTHD| 23 |       |SM      MR|m^2/s           |LeithD Harm Visc Coefficient (m2/s) (Div Pt)
   145 |VA4DLTHD| 23 |       |SM      MR|m^4/s           |LeithD Biharm Visc Coefficient (m4/s) (Div Pt)
   146 |VAHZSMAG| 23 |       |SZ      MR|m^2/s           |Smagorinsky Harm Visc Coefficient (m2/s) (Zeta Pt)
   147 |VA4ZSMAG| 23 |       |SZ      MR|m^4/s           |Smagorinsky Biharm Visc Coeff. (m4/s) (Zeta Pt)
   148 |VAHDSMAG| 23 |       |SM      MR|m^2/s           |Smagorinsky Harm Visc Coefficient (m2/s) (Div Pt)
   149 |VA4DSMAG| 23 |       |SM      MR|m^4/s           |Smagorinsky Biharm Visc Coeff. (m4/s) (Div Pt)
   150 |momKE   | 23 |       |SMR     MR|m^2/s^2         |Kinetic Energy (in momentum Eq.)
   151 |momHDiv | 23 |       |SMR     MR|s^-1            |Horizontal Divergence (in momentum Eq.)
   152 |momVort3| 23 |       |SZR     MR|s^-1            |3rd component (vertical) of Vorticity
   153 |Strain  | 23 |       |SZR     MR|s^-1            |Horizontal Strain of Horizontal Velocities
   154 |Tension | 23 |       |SMR     MR|s^-1            |Horizontal Tension of Horizontal Velocities
   155 |Stretch | 23 |       |SM      MR|s^-1            |Vortex stretching from QG Leith dynamic viscosity
   156 |USidDrag| 23 |   157 |UUR     MR|m/s^2           |U momentum tendency from Side Drag
   157 |VSidDrag| 23 |   156 |VVR     MR|m/s^2           |V momentum tendency from Side Drag
   158 |Um_Diss | 23 |   159 |UUR     MR|m/s^2           |U momentum tendency from Dissipation (Explicit part)
   159 |Vm_Diss | 23 |   158 |VVR     MR|m/s^2           |V momentum tendency from Dissipation (Explicit part)
   160 |Um_ImplD| 23 |   161 |UUR     MR|m/s^2           |U momentum tendency from Dissipation (Implicit part)
   161 |Vm_ImplD| 23 |   160 |VVR     MR|m/s^2           |V momentum tendency from Dissipation (Implicit part)
   162 |Um_Advec| 23 |   163 |UUR     MR|m/s^2           |U momentum tendency from Advection terms
   163 |Vm_Advec| 23 |   162 |VVR     MR|m/s^2           |V momentum tendency from Advection terms
   164 |Um_Cori | 23 |   165 |UUR     MR|m/s^2           |U momentum tendency from Coriolis term
   165 |Vm_Cori | 23 |   164 |VVR     MR|m/s^2           |V momentum tendency from Coriolis term
   166 |Um_dPhiX| 23 |   167 |UUR     MR|m/s^2           |U momentum tendency from Pressure/Potential grad
   167 |Vm_dPhiY| 23 |   166 |VVR     MR|m/s^2           |V momentum tendency from Pressure/Potential grad
   168 |Um_Ext  | 23 |   169 |UUR     MR|m/s^2           |U momentum tendency from external forcing
   169 |Vm_Ext  | 23 |   168 |VVR     MR|m/s^2           |V momentum tendency from external forcing
   170 |Um_AdvZ3| 23 |   171 |UUR     MR|m/s^2           |U momentum tendency from Vorticity Advection
   171 |Vm_AdvZ3| 23 |   170 |VVR     MR|m/s^2           |V momentum tendency from Vorticity Advection
   172 |Um_AdvRe| 23 |   173 |UUR     MR|m/s^2           |U momentum tendency from vertical Advection (Explicit part)
   173 |Vm_AdvRe| 23 |   172 |VVR     MR|m/s^2           |V momentum tendency from vertical Advection (Explicit part)
   174 |botTauX |  1 |   175 |UU      U1|N/m^2           |zonal bottom stress, >0 increases uVel
   175 |botTauY |  1 |   174 |VV      U1|N/m^2           |meridional bottom stress, >0 increases vVel
   176 |ADVx_Um | 23 |   177 |UM      MR|m^4/s^2         |Zonal      Advective Flux of U momentum
   177 |ADVy_Um | 23 |   176 |VZ      MR|m^4/s^2         |Meridional Advective Flux of U momentum
   178 |ADVrE_Um| 23 |       |WU      LR|m^4/s^2         |Vertical   Advective Flux of U momentum (Explicit part)
   179 |ADVx_Vm | 23 |   180 |UZ      MR|m^4/s^2         |Zonal      Advective Flux of V momentum
   180 |ADVy_Vm | 23 |   179 |VM      MR|m^4/s^2         |Meridional Advective Flux of V momentum
   181 |ADVrE_Vm| 23 |       |WV      LR|m^4/s^2         |Vertical   Advective Flux of V momentum (Explicit part)
   182 |VISCx_Um| 23 |   183 |UM      MR|m^4/s^2         |Zonal      Viscous Flux of U momentum
   183 |VISCy_Um| 23 |   182 |VZ      MR|m^4/s^2         |Meridional Viscous Flux of U momentum
   184 |VISrE_Um| 23 |       |WU      LR|m^4/s^2         |Vertical   Viscous Flux of U momentum (Explicit part)
   185 |VISrI_Um| 23 |       |WU      LR|m^4/s^2         |Vertical   Viscous Flux of U momentum (Implicit part)
   186 |VISCx_Vm| 23 |   187 |UZ      MR|m^4/s^2         |Zonal      Viscous Flux of V momentum
   187 |VISCy_Vm| 23 |   186 |VM      MR|m^4/s^2         |Meridional Viscous Flux of V momentum
   188 |VISrE_Vm| 23 |       |WV      LR|m^4/s^2         |Vertical   Viscous Flux of V momentum (Explicit part)
   189 |VISrI_Vm| 23 |       |WV      LR|m^4/s^2         |Vertical   Viscous Flux of V momentum (Implicit part)
   190 |EXFhs   |  1 |       |SM      U1|W/m^2           |Sensible heat flux into ocean, >0 increases theta
   191 |EXFhl   |  1 |       |SM      U1|W/m^2           |Latent heat flux into ocean, >0 increases theta
   192 |EXFlwnet|  1 |       |SM      U1|W/m^2           |Net upward longwave radiation, >0 decreases theta
   193 |EXFswnet|  1 |       |SM      U1|W/m^2           |Net upward shortwave radiation, >0 decreases theta
   194 |EXFlwdn |  1 |       |SM      U1|W/m^2           |Downward longwave radiation, >0 increases theta
   195 |EXFswdn |  1 |       |SM      U1|W/m^2           |Downward shortwave radiation, >0 increases theta
   196 |EXFqnet |  1 |       |SM      U1|W/m^2           |Net upward heat flux (turb+rad), >0 decreases theta
   197 |EXFtaux |  1 |       |UM      U1|N/m^2           |zonal surface wind stress, >0 increases uVel
   198 |EXFtauy |  1 |       |VM      U1|N/m^2           |meridional surface wind stress, >0 increases vVel
   199 |EXFuwind|  1 |       |UM      U1|m/s             |zonal 10-m wind speed, >0 eastward
------------------------------------------------------------------------------------
  Num  |<-Name->|Levs|  mate |<- code ->|<--  Units   -->|<- Tile (max=80c)         
------------------------------------------------------------------------------------
   200 |EXFvwind|  1 |       |VM      U1|m/s             |meridional 10-m wind speed, >0 northward
   201 |EXFurelw|  1 |       |UM      U1|m/s             |zonal relative 10-m wind speed, >0 eastward
   202 |EXFvrelw|  1 |       |VM      U1|m/s             |meridional relative 10-m wind speed, >0 northward
   203 |EXFwspee|  1 |       |SM      U1|m/s             |10-m wind speed modulus ( >= 0 )
   204 |EXFatemp|  1 |       |SM      U1|degK            |surface (2-m) air temperature
   205 |EXFaqh  |  1 |       |SM      U1|kg/kg           |surface (2-m) specific humidity
   206 |EXFevap |  1 |       |SM      U1|m/s             |evaporation, > 0 increases salinity
   207 |EXFpreci|  1 |       |SM      U1|m/s             |precipitation, > 0 decreases salinity
   208 |EXFsnow |  1 |       |SM      U1|m/s             |snow precipitation, > 0 decreases salinity
   209 |EXFempmr|  1 |       |SM      U1|m/s             |net upward freshwater flux, > 0 increases salinity
   210 |EXFpress|  1 |       |SM      U1|N/m^2           |atmospheric pressure field
   211 |EXFroff |  1 |       |SM      U1|m/s             |river runoff, > 0 decreases salinity
   212 |EXFroft |  1 |       |SM      U1|deg C           |river runoff temperature
   213 |EXFsalfx|  1 |       |SM      U1|g/m^2/s         |upward salt flux, > 0 decreases salinity
   214 |KPPviscA| 23 |       |SM P    LR|m^2/s           |KPP vertical eddy viscosity coefficient
   215 |KPPdiffS| 23 |       |SM P    LR|m^2/s           |Vertical diffusion coefficient for salt & tracers
   216 |KPPdiffT| 23 |       |SM P    LR|m^2/s           |Vertical diffusion coefficient for heat
   217 |KPPghatK| 23 |       |SM P    LR|0-1             |ratio of KPP non-local (salt) flux relative to surface-flux
   218 |KPPhbl  |  1 |       |SM P     1|m               |KPP boundary layer depth, bulk Ri criterion
   219 |KPPfrac |  1 |       |SM P     1|                |Short-wave flux fraction penetrating mixing layer
   220 |KPPdbsfc| 23 |       |SM P    UR|m/s^2           |Buoyancy difference with respect to surface
   221 |KPPbfsfc| 23 |       |SM P    UR|m^2/s^3         |Bo+radiation absorbed to d=hbf*hbl + plume
   222 |KPPRi   | 23 |       |SM P    UR|non-dimensional |Bulk Richardson number
   223 |KPPbo   |  1 |       |SM P     1|m^2/s^3         |Surface turbulent buoyancy forcing
   224 |KPPbosol|  1 |       |SM P     1|m^2/s^3         |surface radiative buoyancy forcing
   225 |KPPdbloc| 23 |       |SM P    UR|m/s^2           |Local delta buoyancy across interfaces
   226 |KPPshsq | 23 |       |SM P    UR|m^2/s^2         |Local shear (V(k-1)-V(k))^2
   227 |KPPdVsq | 23 |       |SM P    UR|m^2/s^2         |Shear relative to surface (V(ksrf)-V(k))**2
   228 |KPPnuddt| 23 |       |SM P    UR|m^2/s           |Vertical double diffusion coefficient for heat
   229 |KPPnudds| 23 |       |SM P    UR|m^2/s           |Vertical double diffusion coefficient for salt
   230 |KPPg_TH | 23 |       |WM      LR|degC.m^3/s      |KPP non-local Flux of Pot.Temperature
   231 |KPPg_SLT| 23 |       |WM      LR|g/kg.m^3/s      |KPP non-local Flux of Salinity
   232 |KPPpfrac|  1 |       |SM P     1|                |Salt plume flux fraction penetrating mixing layer
   233 |KPPboplm|  1 |       |SM P     1|m^2/s^3         |Surface haline buoyancy forcing
   234 |GM_hTrsL|  1 |       |SM P    M1|m               |Base depth (>0) of the Transition Layer
   235 |GM_baseS|  1 |       |SM P    M1|1               |Slope at the base of the Transition Layer
   236 |GM_rLamb|  1 |       |SM P    M1|1/m             |Slope vertical gradient at Trans. Layer Base (=recip.Lambda)
   237 |SubMesLf|  1 |       |SM P    M1|m               |Sub-Meso horiz. Length Scale (Lf)
   238 |SubMpsiX|  1 |   239 |UU      M1|m^2/s           |Sub-Meso transp.stream-funct. magnitude (Psi0): U component
   239 |SubMpsiY|  1 |   238 |VV      M1|m^2/s           |Sub-Meso transp.stream-funct. magnitude (Psi0): V component
   240 |GM_Kux  | 23 |   241 |UU P    MR|m^2/s           |K_11 element (U.point, X.dir) of GM-Redi tensor
   241 |GM_Kvy  | 23 |   240 |VV P    MR|m^2/s           |K_22 element (V.point, Y.dir) of GM-Redi tensor
   242 |GM_Kuz  | 23 |   243 |UU      MR|m^2/s           |K_13 element (U.point, Z.dir) of GM-Redi tensor
   243 |GM_Kvz  | 23 |   242 |VV      MR|m^2/s           |K_23 element (V.point, Z.dir) of GM-Redi tensor
   244 |GM_Kwx  | 23 |   245 |UM      LR|m^2/s           |K_31 element (W.point, X.dir) of GM-Redi tensor
   245 |GM_Kwy  | 23 |   244 |VM      LR|m^2/s           |K_32 element (W.point, Y.dir) of GM-Redi tensor
   246 |GM_Kwz  | 23 |       |WM P    LR|m^2/s           |K_33 element (W.point, Z.dir) of GM-Redi tensor
   247 |GM_PsiX | 23 |   248 |UU      LR|m^2/s           |GM Bolus transport stream-function : U component
   248 |GM_PsiY | 23 |   247 |VV      LR|m^2/s           |GM Bolus transport stream-function : V component
   249 |GM_KuzTz| 23 |   250 |UU      MR|degC.m^3/s      |Redi Off-diagonal Temperature flux: X component
   250 |GM_KvzTz| 23 |   249 |VV      MR|degC.m^3/s      |Redi Off-diagonal Temperature flux: Y component
   251 |GM_KwzTz| 23 |       |WM      LR|degC.m^3/s      |Redi main-diagonal vertical Temperature flux
   252 |GM_ubT  | 23 |   253 |UUr     MR|degC.m^3/s      |Zonal Mass-Weight Bolus Transp of Pot Temp
   253 |GM_vbT  | 23 |   252 |VVr     MR|degC.m^3/s      |Meridional Mass-Weight Bolus Transp of Pot Temp
   254 |SIarea  |  1 |       |SM      M1|m^2/m^2         |SEAICE fractional ice-covered area [0 to 1]
   255 |SIareaPR|  1 |       |SM      M1|m^2/m^2         |SIarea preceeding ridging process
   256 |SIareaPT|  1 |       |SM      M1|m^2/m^2         |SIarea preceeding thermodynamic growth/melt
   257 |SIheff  |  1 |       |SM      M1|m               |SEAICE effective ice thickness
   258 |SIheffPT|  1 |       |SM      M1|m               |SIheff preceeeding thermodynamic growth/melt
   259 |SIhsnow |  1 |       |SM      M1|m               |SEAICE effective snow thickness
   260 |SIhsnoPT|  1 |       |SM      M1|m               |SIhsnow preceeeding thermodynamic growth/melt
   261 |SIhsalt |  1 |       |SM      M1|g/m^2           |SEAICE effective salinity
   262 |SIenpa  |  1 |       |SM      M1|W/m^2           |SEAICE power input by surface wind stresses
   263 |SIenpw  |  1 |       |SM      M1|W/m^2           |SEAICE work done by ocean drag
   264 |SIenph  |  1 |       |SM      M1|W/m^2           |SEAICE power due to change in inertia
   265 |SIenpg  |  1 |       |SM      M1|W/m^2           |SEAICE work generated by gravity
   266 |SIenpi  |  1 |       |SM      M1|W/m^2           |SEAICE work done by internal stress
   267 |SIenpot |  1 |       |SM      M1|W/m^2           |SEAICE work done to change potential energy
   268 |SIpRfric|  1 |       |SM      M1|W/m^2           |SEAICE dissipation in ridging by internal stresses
   269 |SIpSfric|  1 |       |SM      M1|W/m^2           |SEAICE dissipation in shearing by internal stresses
   270 |SItr01  |  1 |   254 |SM  C   M1|s               |age tracer (associated with AREA)
   271 |SItr01PT|  1 |   256 |SM  C   M1|s               |SItr01 preceeeding thermodynamic growth/melt
   272 |SItr02  |  1 |   257 |SM  C   M1|(kg/kg)         |one tracer (associated with HEFF)
   273 |SItr02PT|  1 |   258 |SM  C   M1|(kg/kg)         |SItr02 preceeeding thermodynamic growth/melt
   274 |SItices |  1 |   254 |SM  C   M1|K               |Surface Temperature over Sea-Ice (area weighted)
   275 |SIuice  |  1 |   276 |UU      M1|m/s             |SEAICE zonal ice velocity, >0 from West to East
   276 |SIvice  |  1 |   275 |VV      M1|m/s             |SEAICE merid. ice velocity, >0 from South to North
   277 |SItaux  |  1 |   278 |UU      U1|N/m^2           |SEAICE zonal surface wind stress, >0 increases uIce
   278 |SItauy  |  1 |   277 |VV      U1|N/m^2           |SEAICE merid surface wind stress, >0 increases vIce
   279 |SIatmTx |  1 |   280 |UU      U1|N/m^2           |Zonal surface wind stress over Ocean+SeaIce
   280 |SIatmTy |  1 |   279 |VV      U1|N/m^2           |Merid surface wind stress over Ocean+SeaIce
   281 |FORCEX0 |  1 |   280 |UU      U1|N/m^2           |SeaIce Wind forcing in X momentum equation
   282 |FORCEY0 |  1 |   281 |VV      U1|N/m^2           |SeaIce Wind forcing in Y momentum equation
   283 |TILTx   |  1 |   282 |UU      U1|N/m^2           |SeaIce tilt in X momentum equation
   284 |TILTy   |  1 |   283 |VV      U1|N/m^2           |SeaIce tilt in Y momentum equation
   285 |SIqnet  |  1 |       |SM      U1|W/m^2           |Ocean surface heatflux, turb+rad, >0 decreases theta
   286 |SIqsw   |  1 |       |SM      U1|W/m^2           |Ocean surface shortwave radiat., >0 decreases theta
   287 |SIatmQnt|  1 |       |SM      U1|W/m^2           |Net atmospheric heat flux, >0 decreases theta
   288 |SItflux |  1 |       |SM      U1|W/m^2           |Same as TFLUX but incl seaice (>0 incr T decr H)
   289 |SIaaflux|  1 |       |SM      U1|W/m^2           |conservative ocn<->seaice adv. heat flux adjust.
   290 |SIhl    |  1 |       |SM      U1|W/m^2           |Latent heat flux into ocean, >0 increases theta
   291 |SIqneto |  1 |       |SM      U1|W/m^2           |Open Ocean Part of SIqnet, turb+rad, >0 decr theta
   292 |SIqneti |  1 |       |SM      U1|W/m^2           |Ice Covered Part of SIqnet, turb+rad, >0 decr theta
   293 |SIempmr |  1 |       |SM      U1|kg/m^2/s        |Ocean surface freshwater flux, > 0 increases salt
   294 |SIatmFW |  1 |       |SM      U1|kg/m^2/s        |Net freshwater flux from atmosphere & land (+=down)
   295 |SIsnPrcp|  1 |       |SM      U1|kg/m^2/s        |Snow precip. (+=dw) over Sea-Ice (area weighted)
   296 |SIfwSubl|  1 |       |SM      U1|kg/m^2/s        |Potential sublimation freshwater flux, >0 decr. ice
   297 |SIacSubl|  1 |       |SM      U1|kg/m^2/s        |Actual sublimation freshwater flux, >0 decr. ice
   298 |SIrsSubl|  1 |       |SM      U1|kg/m^2/s        |Residual subl. freshwater flux, >0 taken from ocn
   299 |SIactLHF|  1 |       |SM      U1|W/m^2           |Actual latent heat flux over ice
------------------------------------------------------------------------------------
  Num  |<-Name->|Levs|  mate |<- code ->|<--  Units   -->|<- Tile (max=80c)         
------------------------------------------------------------------------------------
   300 |SImaxLHF|  1 |       |SM      U1|W/m^2           |Maximum latent heat flux over ice
   301 |SItr02Fx|  1 |       |SM      M1|kg/m^2/s        |SItr02 flux out of ice pack (that may enter ocean)
   302 |SIaQbOCN|  1 |       |SM      M1|m/s             |Potential HEFF rate of change by ocean ice flux
   303 |SIaQbATC|  1 |       |SM      M1|m/s             |Potential HEFF rate of change by atm flux over ice
   304 |SIaQbATO|  1 |       |SM      M1|m/s             |Potential HEFF rate of change by open ocn atm flux
   305 |SIdHbOCN|  1 |       |SM      M1|m/s             |HEFF rate of change by ocean ice flux
   306 |SIdSbATC|  1 |       |SM      M1|m/s             |HSNOW rate of change by atm flux over sea ice
   307 |SIdSbOCN|  1 |       |SM      M1|m/s             |HSNOW rate of change by ocean ice flux
   308 |SIdHbATC|  1 |       |SM      M1|m/s             |HEFF rate of change by atm flux over sea ice
   309 |SIdHbATO|  1 |       |SM      M1|m/s             |HEFF rate of change by open ocn atm flux
   310 |SIdHbFLO|  1 |       |SM      M1|m/s             |HEFF rate of change by flooding snow
   311 |SIdAbATO|  1 |       |SM      M1|m^2/m^2/s       |Potential AREA rate of change by open ocn atm flux
   312 |SIdAbATC|  1 |       |SM      M1|m^2/m^2/s       |Potential AREA rate of change by atm flux over ice
   313 |SIdAbOCN|  1 |       |SM      M1|m^2/m^2/s       |Potential AREA rate of change by ocean ice flux
   314 |SIdA    |  1 |       |SM      M1|m^2/m^2/s       |AREA rate of change (net)
   315 |ADVxHEFF|  1 |   316 |UU      M1|m.m^2/s         |Zonal      Advective Flux of eff ice thickn
   316 |ADVyHEFF|  1 |   315 |VV      M1|m.m^2/s         |Meridional Advective Flux of eff ice thickn
   317 |DFxEHEFF|  1 |   318 |UU      M1|m.m^2/s         |Zonal      Diffusive Flux of eff ice thickn
   318 |DFyEHEFF|  1 |   317 |VV      M1|m.m^2/s         |Meridional Diffusive Flux of eff ice thickn
   319 |ADVxAREA|  1 |   320 |UU      M1|m^2/m^2.m^2/s   |Zonal      Advective Flux of fract area
   320 |ADVyAREA|  1 |   319 |VV      M1|m^2/m^2.m^2/s   |Meridional Advective Flux of fract area
   321 |DFxEAREA|  1 |   322 |UU      M1|m^2/m^2.m^2/s   |Zonal      Diffusive Flux of fract area
   322 |DFyEAREA|  1 |   321 |VV      M1|m^2/m^2.m^2/s   |Meridional Diffusive Flux of fract area
   323 |ADVxSNOW|  1 |   324 |UU      M1|m.m^2/s         |Zonal      Advective Flux of eff snow thickn
   324 |ADVySNOW|  1 |   323 |VV      M1|m.m^2/s         |Meridional Advective Flux of eff snow thickn
   325 |DFxESNOW|  1 |   326 |UU      M1|m.m^2/s         |Zonal      Diffusive Flux of eff snow thickn
   326 |DFyESNOW|  1 |   325 |VV      M1|m.m^2/s         |Meridional Diffusive Flux of eff snow thickn
   327 |ADVxSSLT|  1 |   328 |UU      M1|g/kg.m^2/s      |Zonal      Advective Flux of seaice salinity
   328 |ADVySSLT|  1 |   327 |VV      M1|g/kg.m^2/s      |Meridional Advective Flux of seaice salinity
   329 |DFxESSLT|  1 |   330 |UU      M1|g/kg.m^2/s      |Zonal      Diffusive Flux of seaice salinity
   330 |DFyESSLT|  1 |   329 |VV      M1|g/kg.m^2/s      |Meridional Diffusive Flux of seaice salinity
   331 |SIuheff |  1 |   332 |UU      M1|m^2/s           |Zonal      Transport of eff ice thickn (centered)
   332 |SIvheff |  1 |   331 |VV      M1|m^2/s           |Meridional Transport of eff ice thickn (centered)
   333 |SIpress |  1 |       |SM      M1|N/m             |SEAICE strength (with upper and lower limit)
   334 |SIzeta  |  1 |       |SM      M1|kg/s            |SEAICE nonlinear bulk viscosity
   335 |SIeta   |  1 |       |SM      M1|kg/s            |SEAICE nonlinear shear viscosity
   336 |SIsig1  |  1 |       |SM      M1|no units        |SEAICE normalized principle stress, component one
   337 |SIsig2  |  1 |       |SM      M1|no units        |SEAICE normalized principle stress, component two
   338 |SIshear |  1 |       |SM      M1|1/s             |SEAICE shear deformation rate
   339 |divsigx |  1 |       |SM      M1|N/m^2           |Div Sigma for x component of momentum equation
   340 |divsigy |  1 |       |SM      M1|N/m^2           |Div Sigma for y component of momentum equation
   341 |SIuvel  |  1 |       |UU      M1|m/s             |Seaice velocity y-comp used to calculate div sigma
   342 |SIvvel  |  1 |       |VV      M1|m/s             |Seaice velocity x-comp used to calculate div sigma
   343 |SIsigm11|  1 |       |SM      M1|N/m             |SEAICE stress sigma11
   344 |SIsigm22|  1 |       |SM      M1|N/m             |SEAICE stress sigma2
   345 |SIsigm12|  1 |       |SM      M1|N/m             |SEAICE stress sigma12
   346 |SIstre11|  1 |       |SM      M1|m/s^2           |SEAICE strain rate e11
   347 |SIstre22|  1 |       |SM      M1|m/s^2           |SEAICE strain rate e22
   348 |SIstre12|  1 |       |SM      M1|m/^2            |SEAICE strain rate e12
   349 |SIdelta |  1 |       |SM      M1|1/s             |SEAICE Delta deformation rate
   350 |SItensil|  1 |       |SM      M1|N/m             |SEAICE maximal tensile strength
   351 |SIlsrRe |  1 |       |SM      M1|N/m             |SEAICE LSR residual norm
------------------------------------------------------------------------------------
  Num  |<-Name->|Levs|  mate |<- code ->|<--  Units   -->|<- Tile (max=80c)         
------------------------------------------------------------------------------------
